# JRE version: 7.0_25-b17
# Java VM: Java HotSpot(TM) Client VM (23.25-b01 mixed mode, sharing windows-x86 )
Heap
 def new generation   total 16512K, used 8754K [0x242a0000, 0x25480000, 0x297f0000)
  eden space 14720K,  55% used [0x242a0000, 0x24a94998, 0x25100000)
  from space 1792K,  33% used [0x252c0000, 0x25358178, 0x25480000)
  to   space 1792K,   0% used [0x25100000, 0x25100000, 0x252c0000)
 tenured generation   total 36496K, used 21895K [0x297f0000, 0x2bb94000, 0x342a0000)
   the space 36496K,  59% used [0x297f0000, 0x2ad51d90, 0x2ad51e00, 0x2bb94000)
 compacting perm gen  total 12288K, used 6488K [0x342a0000, 0x34ea0000, 0x382a0000)
   the space 12288K,  52% used [0x342a0000, 0x348f62e0, 0x348f6400, 0x34ea0000)
    ro space 10240K,  42% used [0x382a0000, 0x386e4240, 0x386e4400, 0x38ca0000)
    rw space 12288K,  54% used [0x38ca0000, 0x39324d58, 0x39324e00, 0x398a0000)
GC Heap History (10 events):
Event: 2.762 GC heap before
{Heap before GC invocations=8 (full 0):
 def new generation   total 4928K, used 3000K [0x242a0000, 0x247f0000, 0x297f0000)
  eden space 4416K,  67% used [0x242a0000, 0x2458b420, 0x246f0000)
  from space 512K,   2% used [0x246f0000, 0x246f2d88, 0x24770000)
  to   space 512K,   0% used [0x24770000, 0x24770000, 0x247f0000)
 tenured generation   total 10944K, used 5629K [0x297f0000, 0x2a2a0000, 0x342a0000)
   the space 10944K,  51% used [0x297f0000, 0x29d6f5c0, 0x29d6f600, 0x2a2a0000)
 compacting perm gen  total 12288K, used 6337K [0x342a0000, 0x34ea0000, 0x382a0000)
   the space 12288K,  51% used [0x342a0000, 0x348d05a0, 0x348d0600, 0x34ea0000)
    ro space 10240K,  42% used [0x382a0000, 0x386e4240, 0x386e4400, 0x38ca0000)
    rw space 12288K,  54% used [0x38ca0000, 0x39324d58, 0x39324e00, 0x398a0000)
Event: 2.783 GC heap after
Heap after GC invocations=9 (full 1):
 def new generation   total 4992K, used 0K [0x242a0000, 0x24800000, 0x297f0000)
  eden space 4480K,   0% used [0x242a0000, 0x242a0000, 0x24700000)
  from space 512K,   0% used [0x24700000, 0x24700000, 0x24780000)
  to   space 512K,   0% used [0x24780000, 0x24780000, 0x24800000)
 tenured generation   total 10944K, used 5694K [0x297f0000, 0x2a2a0000, 0x342a0000)
   the space 10944K,  52% used [0x297f0000, 0x29d7f900, 0x29d7fa00, 0x2a2a0000)
 compacting perm gen  total 12288K, used 6337K [0x342a0000, 0x34ea0000, 0x382a0000)
   the space 12288K,  51% used [0x342a0000, 0x348d05a0, 0x348d0600, 0x34ea0000)
    ro space 10240K,  42% used [0x382a0000, 0x386e4240, 0x386e4400, 0x38ca0000)
    rw space 12288K,  54% used [0x38ca0000, 0x39324d58, 0x39324e00, 0x398a0000)
}
Event: 2.788 GC heap before
{Heap before GC invocations=9 (full 1):
 def new generation   total 4992K, used 17K [0x242a0000, 0x24800000, 0x297f0000)
  eden space 4480K,   0% used [0x242a0000, 0x242a44c0, 0x24700000)
  from space 512K,   0% used [0x24700000, 0x24700000, 0x24780000)
  to   space 512K,   0% used [0x24780000, 0x24780000, 0x24800000)
 tenured generation   total 19048K, used 13794K [0x297f0000, 0x2aa8a000, 0x342a0000)
   the space 19048K,  72% used [0x297f0000, 0x2a568910, 0x2a568a00, 0x2aa8a000)
 compacting perm gen  total 12288K, used 6337K [0x342a0000, 0x34ea0000, 0x382a0000)
   the space 12288K,  51% used [0x342a0000, 0x348d05d0, 0x348d0600, 0x34ea0000)
    ro space 10240K,  42% used [0x382a0000, 0x386e4240, 0x386e4400, 0x38ca0000)
    rw space 12288K,  54% used [0x38ca0000, 0x39324d58, 0x39324e00, 0x398a0000)
Event: 2.808 GC heap after
Heap after GC invocations=10 (full 2):
 def new generation   total 10368K, used 0K [0x242a0000, 0x24de0000, 0x297f0000)
  eden space 9216K,   0% used [0x242a0000, 0x242a0000, 0x24ba0000)
  from space 1152K,   0% used [0x24ba0000, 0x24ba0000, 0x24cc0000)
  to   space 1152K,   0% used [0x24cc0000, 0x24cc0000, 0x24de0000)
 tenured generation   total 22992K, used 13793K [0x297f0000, 0x2ae64000, 0x342a0000)
   the space 22992K,  59% used [0x297f0000, 0x2a5686f8, 0x2a568800, 0x2ae64000)
 compacting perm gen  total 12288K, used 6337K [0x342a0000, 0x34ea0000, 0x382a0000)
   the space 12288K,  51% used [0x342a0000, 0x348d05d0, 0x348d0600, 0x34ea0000)
    ro space 10240K,  42% used [0x382a0000, 0x386e4240, 0x386e4400, 0x38ca0000)
    rw space 12288K,  54% used [0x38ca0000, 0x39324d58, 0x39324e00, 0x398a0000)
}
Event: 2.896 GC heap before
{Heap before GC invocations=10 (full 2):
 def new generation   total 10368K, used 8192K [0x242a0000, 0x24de0000, 0x297f0000)
  eden space 9216K,  88% used [0x242a0000, 0x24aa01c0, 0x24ba0000)
  from space 1152K,   0% used [0x24ba0000, 0x24ba0000, 0x24cc0000)
  to   space 1152K,   0% used [0x24cc0000, 0x24cc0000, 0x24de0000)
 tenured generation   total 22992K, used 13793K [0x297f0000, 0x2ae64000, 0x342a0000)
   the space 22992K,  59% used [0x297f0000, 0x2a5686f8, 0x2a568800, 0x2ae64000)
 compacting perm gen  total 12288K, used 6337K [0x342a0000, 0x34ea0000, 0x382a0000)
   the space 12288K,  51% used [0x342a0000, 0x348d05f0, 0x348d0600, 0x34ea0000)
    ro space 10240K,  42% used [0x382a0000, 0x386e4240, 0x386e4400, 0x38ca0000)
    rw space 12288K,  54% used [0x38ca0000, 0x39324d58, 0x39324e00, 0x398a0000)
Event: 2.901 GC heap after
Heap after GC invocations=11 (full 2):
 def new generation   total 10368K, used 1K [0x242a0000, 0x24de0000, 0x297f0000)
  eden space 9216K,   0% used [0x242a0000, 0x242a0000, 0x24ba0000)
  from space 1152K,   0% used [0x24cc0000, 0x24cc0438, 0x24de0000)
  to   space 1152K,   0% used [0x24ba0000, 0x24ba0000, 0x24cc0000)
 tenured generation   total 22992K, used 21893K [0x297f0000, 0x2ae64000, 0x342a0000)
   the space 22992K,  95% used [0x297f0000, 0x2ad51708, 0x2ad51800, 0x2ae64000)
 compacting perm gen  total 12288K, used 6337K [0x342a0000, 0x34ea0000, 0x382a0000)
   the space 12288K,  51% used [0x342a0000, 0x348d05f0, 0x348d0600, 0x34ea0000)
    ro space 10240K,  42% used [0x382a0000, 0x386e4240, 0x386e4400, 0x38ca0000)
    rw space 12288K,  54% used [0x38ca0000, 0x39324d58, 0x39324e00, 0x398a0000)
}
Event: 2.905 GC heap before
{Heap before GC invocations=11 (full 2):
 def new generation   total 10368K, used 9067K [0x242a0000, 0x24de0000, 0x297f0000)
  eden space 9216K,  98% used [0x242a0000, 0x24b7ab18, 0x24ba0000)
  from space 1152K,   0% used [0x24cc0000, 0x24cc0438, 0x24de0000)
  to   space 1152K,   0% used [0x24ba0000, 0x24ba0000, 0x24cc0000)
 tenured generation   total 22992K, used 21893K [0x297f0000, 0x2ae64000, 0x342a0000)
   the space 22992K,  95% used [0x297f0000, 0x2ad51708, 0x2ad51800, 0x2ae64000)
 compacting perm gen  total 12288K, used 6337K [0x342a0000, 0x34ea0000, 0x382a0000)
   the space 12288K,  51% used [0x342a0000, 0x348d05f0, 0x348d0600, 0x34ea0000)
    ro space 10240K,  42% used [0x382a0000, 0x386e4240, 0x386e4400, 0x38ca0000)
    rw space 12288K,  54% used [0x38ca0000, 0x39324d58, 0x39324e00, 0x398a0000)
Event: 2.934 GC heap after
Heap after GC invocations=12 (full 3):
 def new generation   total 16512K, used 0K [0x242a0000, 0x25480000, 0x297f0000)
  eden space 14720K,   0% used [0x242a0000, 0x242a0000, 0x25100000)
  from space 1792K,   0% used [0x25100000, 0x25100000, 0x252c0000)
  to   space 1792K,   0% used [0x252c0000, 0x252c0000, 0x25480000)
 tenured generation   total 36496K, used 21895K [0x297f0000, 0x2bb94000, 0x342a0000)
   the space 36496K,  59% used [0x297f0000, 0x2ad51d90, 0x2ad51e00, 0x2bb94000)
 compacting perm gen  total 12288K, used 6337K [0x342a0000, 0x34ea0000, 0x382a0000)
   the space 12288K,  51% used [0x342a0000, 0x348d05f0, 0x348d0600, 0x34ea0000)
    ro space 10240K,  42% used [0x382a0000, 0x386e4240, 0x386e4400, 0x38ca0000)
    rw space 12288K,  54% used [0x38ca0000, 0x39324d58, 0x39324e00, 0x398a0000)
}
Event: 3.471 GC heap before
{Heap before GC invocations=12 (full 3):
 def new generation   total 16512K, used 11602K [0x242a0000, 0x25480000, 0x297f0000)
  eden space 14720K,  78% used [0x242a0000, 0x24df4898, 0x25100000)
  from space 1792K,   0% used [0x25100000, 0x25100000, 0x252c0000)
  to   space 1792K,   0% used [0x252c0000, 0x252c0000, 0x25480000)
 tenured generation   total 36496K, used 21895K [0x297f0000, 0x2bb94000, 0x342a0000)
   the space 36496K,  59% used [0x297f0000, 0x2ad51d90, 0x2ad51e00, 0x2bb94000)
 compacting perm gen  total 12288K, used 6488K [0x342a0000, 0x34ea0000, 0x382a0000)
   the space 12288K,  52% used [0x342a0000, 0x348f62e0, 0x348f6400, 0x34ea0000)
    ro space 10240K,  42% used [0x382a0000, 0x386e4240, 0x386e4400, 0x38ca0000)
    rw space 12288K,  54% used [0x38ca0000, 0x39324d58, 0x39324e00, 0x398a0000)
Event: 3.472 GC heap after
Heap after GC invocations=13 (full 3):
 def new generation   total 16512K, used 608K [0x242a0000, 0x25480000, 0x297f0000)
  eden space 14720K,   0% used [0x242a0000, 0x242a0000, 0x25100000)
  from space 1792K,  33% used [0x252c0000, 0x25358178, 0x25480000)
  to   space 1792K,   0% used [0x25100000, 0x25100000, 0x252c0000)
 tenured generation   total 36496K, used 21895K [0x297f0000, 0x2bb94000, 0x342a0000)
   the space 36496K,  59% used [0x297f0000, 0x2ad51d90, 0x2ad51e00, 0x2bb94000)
 compacting perm gen  total 12288K, used 6488K [0x342a0000, 0x34ea0000, 0x382a0000)
   the space 12288K,  52% used [0x342a0000, 0x348f62e0, 0x348f6400, 0x34ea0000)
    ro space 10240K,  42% used [0x382a0000, 0x386e4240, 0x386e4400, 0x38ca0000)
    rw space 12288K,  54% used [0x38ca0000, 0x39324d58, 0x39324e00, 0x398a0000)
}

