# JRE version: 7.0_25-b17
# Java VM: Java HotSpot(TM) Client VM (23.25-b01 mixed mode, sharing windows-x86 )
Heap
 def new generation   total 15488K, used 9703K [0x242a0000, 0x25360000, 0x297f0000)
  eden space 13824K,  58% used [0x242a0000, 0x24a96d50, 0x25020000)
  from space 1664K,  93% used [0x251c0000, 0x25343238, 0x25360000)
  to   space 1664K,   0% used [0x25020000, 0x25020000, 0x251c0000)
 tenured generation   total 34164K, used 20497K [0x297f0000, 0x2b94d000, 0x342a0000)
   the space 34164K,  59% used [0x297f0000, 0x2abf4498, 0x2abf4600, 0x2b94d000)
 compacting perm gen  total 12288K, used 6488K [0x342a0000, 0x34ea0000, 0x382a0000)
   the space 12288K,  52% used [0x342a0000, 0x348f62b0, 0x348f6400, 0x34ea0000)
    ro space 10240K,  42% used [0x382a0000, 0x386e4240, 0x386e4400, 0x38ca0000)
    rw space 12288K,  54% used [0x38ca0000, 0x39324d58, 0x39324e00, 0x398a0000)
GC Heap History (10 events):
Event: 9.372 GC heap before
{Heap before GC invocations=8 (full 0):
 def new generation   total 4928K, used 2995K [0x242a0000, 0x247f0000, 0x297f0000)
  eden space 4416K,  67% used [0x242a0000, 0x2458a230, 0x246f0000)
  from space 512K,   2% used [0x246f0000, 0x246f2d88, 0x24770000)
  to   space 512K,   0% used [0x24770000, 0x24770000, 0x247f0000)
 tenured generation   total 10944K, used 5607K [0x297f0000, 0x2a2a0000, 0x342a0000)
   the space 10944K,  51% used [0x297f0000, 0x29d69ed8, 0x29d6a000, 0x2a2a0000)
 compacting perm gen  total 12288K, used 6337K [0x342a0000, 0x34ea0000, 0x382a0000)
   the space 12288K,  51% used [0x342a0000, 0x348d0580, 0x348d0600, 0x34ea0000)
    ro space 10240K,  42% used [0x382a0000, 0x386e4240, 0x386e4400, 0x38ca0000)
    rw space 12288K,  54% used [0x38ca0000, 0x39324d58, 0x39324e00, 0x398a0000)
Event: 9.401 GC heap after
Heap after GC invocations=9 (full 1):
 def new generation   total 4992K, used 0K [0x242a0000, 0x24800000, 0x297f0000)
  eden space 4480K,   0% used [0x242a0000, 0x242a0000, 0x24700000)
  from space 512K,   0% used [0x24700000, 0x24700000, 0x24780000)
  to   space 512K,   0% used [0x24780000, 0x24780000, 0x24800000)
 tenured generation   total 10944K, used 5696K [0x297f0000, 0x2a2a0000, 0x342a0000)
   the space 10944K,  52% used [0x297f0000, 0x29d802b8, 0x29d80400, 0x2a2a0000)
 compacting perm gen  total 12288K, used 6337K [0x342a0000, 0x34ea0000, 0x382a0000)
   the space 12288K,  51% used [0x342a0000, 0x348d0580, 0x348d0600, 0x34ea0000)
    ro space 10240K,  42% used [0x382a0000, 0x386e4240, 0x386e4400, 0x38ca0000)
    rw space 12288K,  54% used [0x38ca0000, 0x39324d58, 0x39324e00, 0x398a0000)
}
Event: 9.407 GC heap before
{Heap before GC invocations=9 (full 1):
 def new generation   total 4992K, used 5K [0x242a0000, 0x24800000, 0x297f0000)
  eden space 4480K,   0% used [0x242a0000, 0x242a14a8, 0x24700000)
  from space 512K,   0% used [0x24700000, 0x24700000, 0x24780000)
  to   space 512K,   0% used [0x24780000, 0x24780000, 0x24800000)
 tenured generation   total 19048K, used 13796K [0x297f0000, 0x2aa8a000, 0x342a0000)
   the space 19048K,  72% used [0x297f0000, 0x2a5692c8, 0x2a569400, 0x2aa8a000)
 compacting perm gen  total 12288K, used 6337K [0x342a0000, 0x34ea0000, 0x382a0000)
   the space 12288K,  51% used [0x342a0000, 0x348d05b0, 0x348d0600, 0x34ea0000)
    ro space 10240K,  42% used [0x382a0000, 0x386e4240, 0x386e4400, 0x38ca0000)
    rw space 12288K,  54% used [0x38ca0000, 0x39324d58, 0x39324e00, 0x398a0000)
Event: 9.429 GC heap after
Heap after GC invocations=10 (full 2):
 def new generation   total 10048K, used 0K [0x242a0000, 0x24d80000, 0x297f0000)
  eden space 8960K,   0% used [0x242a0000, 0x242a0000, 0x24b60000)
  from space 1088K,   0% used [0x24b60000, 0x24b60000, 0x24c70000)
  to   space 1088K,   0% used [0x24c70000, 0x24c70000, 0x24d80000)
 tenured generation   total 22220K, used 13331K [0x297f0000, 0x2ada3000, 0x342a0000)
   the space 22220K,  59% used [0x297f0000, 0x2a4f4e80, 0x2a4f5000, 0x2ada3000)
 compacting perm gen  total 12288K, used 6337K [0x342a0000, 0x34ea0000, 0x382a0000)
   the space 12288K,  51% used [0x342a0000, 0x348d05b0, 0x348d0600, 0x34ea0000)
    ro space 10240K,  42% used [0x382a0000, 0x386e4240, 0x386e4400, 0x38ca0000)
    rw space 12288K,  54% used [0x38ca0000, 0x39324d58, 0x39324e00, 0x398a0000)
}
Event: 9.520 GC heap before
{Heap before GC invocations=10 (full 2):
 def new generation   total 10048K, used 8191K [0x242a0000, 0x24d80000, 0x297f0000)
  eden space 8960K,  91% used [0x242a0000, 0x24a9fd40, 0x24b60000)
  from space 1088K,   0% used [0x24b60000, 0x24b60000, 0x24c70000)
  to   space 1088K,   0% used [0x24c70000, 0x24c70000, 0x24d80000)
 tenured generation   total 22220K, used 13331K [0x297f0000, 0x2ada3000, 0x342a0000)
   the space 22220K,  59% used [0x297f0000, 0x2a4f4e80, 0x2a4f5000, 0x2ada3000)
 compacting perm gen  total 12288K, used 6337K [0x342a0000, 0x34ea0000, 0x382a0000)
   the space 12288K,  51% used [0x342a0000, 0x348d05d0, 0x348d0600, 0x34ea0000)
    ro space 10240K,  42% used [0x382a0000, 0x386e4240, 0x386e4400, 0x38ca0000)
    rw space 12288K,  54% used [0x38ca0000, 0x39324d58, 0x39324e00, 0x398a0000)
Event: 9.526 GC heap after
Heap after GC invocations=11 (full 2):
 def new generation   total 10048K, used 1K [0x242a0000, 0x24d80000, 0x297f0000)
  eden space 8960K,   0% used [0x242a0000, 0x242a0000, 0x24b60000)
  from space 1088K,   0% used [0x24c70000, 0x24c70438, 0x24d80000)
  to   space 1088K,   0% used [0x24b60000, 0x24b60000, 0x24c70000)
 tenured generation   total 22220K, used 21431K [0x297f0000, 0x2ada3000, 0x342a0000)
   the space 22220K,  96% used [0x297f0000, 0x2acdde90, 0x2acde000, 0x2ada3000)
 compacting perm gen  total 12288K, used 6337K [0x342a0000, 0x34ea0000, 0x382a0000)
   the space 12288K,  51% used [0x342a0000, 0x348d05d0, 0x348d0600, 0x34ea0000)
    ro space 10240K,  42% used [0x382a0000, 0x386e4240, 0x386e4400, 0x38ca0000)
    rw space 12288K,  54% used [0x38ca0000, 0x39324d58, 0x39324e00, 0x398a0000)
}
Event: 9.528 GC heap before
{Heap before GC invocations=11 (full 2):
 def new generation   total 10048K, used 8124K [0x242a0000, 0x24d80000, 0x297f0000)
  eden space 8960K,  90% used [0x242a0000, 0x24a8ebe8, 0x24b60000)
  from space 1088K,   0% used [0x24c70000, 0x24c70438, 0x24d80000)
  to   space 1088K,   0% used [0x24b60000, 0x24b60000, 0x24c70000)
 tenured generation   total 22220K, used 21431K [0x297f0000, 0x2ada3000, 0x342a0000)
   the space 22220K,  96% used [0x297f0000, 0x2acdde90, 0x2acde000, 0x2ada3000)
 compacting perm gen  total 12288K, used 6337K [0x342a0000, 0x34ea0000, 0x382a0000)
   the space 12288K,  51% used [0x342a0000, 0x348d05d0, 0x348d0600, 0x34ea0000)
    ro space 10240K,  42% used [0x382a0000, 0x386e4240, 0x386e4400, 0x38ca0000)
    rw space 12288K,  54% used [0x38ca0000, 0x39324d58, 0x39324e00, 0x398a0000)
Event: 9.559 GC heap after
Heap after GC invocations=12 (full 3):
 def new generation   total 15488K, used 0K [0x242a0000, 0x25360000, 0x297f0000)
  eden space 13824K,   0% used [0x242a0000, 0x242a0000, 0x25020000)
  from space 1664K,   0% used [0x25020000, 0x25020000, 0x251c0000)
  to   space 1664K,   0% used [0x251c0000, 0x251c0000, 0x25360000)
 tenured generation   total 34164K, used 20497K [0x297f0000, 0x2b94d000, 0x342a0000)
   the space 34164K,  59% used [0x297f0000, 0x2abf4498, 0x2abf4600, 0x2b94d000)
 compacting perm gen  total 12288K, used 6337K [0x342a0000, 0x34ea0000, 0x382a0000)
   the space 12288K,  51% used [0x342a0000, 0x348d05d0, 0x348d0600, 0x34ea0000)
    ro space 10240K,  42% used [0x382a0000, 0x386e4240, 0x386e4400, 0x38ca0000)
    rw space 12288K,  54% used [0x38ca0000, 0x39324d58, 0x39324e00, 0x398a0000)
}
Event: 10.134 GC heap before
{Heap before GC invocations=12 (full 3):
 def new generation   total 15488K, used 12536K [0x242a0000, 0x25360000, 0x297f0000)
  eden space 13824K,  90% used [0x242a0000, 0x24ede150, 0x25020000)
  from space 1664K,   0% used [0x25020000, 0x25020000, 0x251c0000)
  to   space 1664K,   0% used [0x251c0000, 0x251c0000, 0x25360000)
 tenured generation   total 34164K, used 20497K [0x297f0000, 0x2b94d000, 0x342a0000)
   the space 34164K,  59% used [0x297f0000, 0x2abf4498, 0x2abf4600, 0x2b94d000)
 compacting perm gen  total 12288K, used 6488K [0x342a0000, 0x34ea0000, 0x382a0000)
   the space 12288K,  52% used [0x342a0000, 0x348f62b0, 0x348f6400, 0x34ea0000)
    ro space 10240K,  42% used [0x382a0000, 0x386e4240, 0x386e4400, 0x38ca0000)
    rw space 12288K,  54% used [0x38ca0000, 0x39324d58, 0x39324e00, 0x398a0000)
Event: 10.137 GC heap after
Heap after GC invocations=13 (full 3):
 def new generation   total 15488K, used 1548K [0x242a0000, 0x25360000, 0x297f0000)
  eden space 13824K,   0% used [0x242a0000, 0x242a0000, 0x25020000)
  from space 1664K,  93% used [0x251c0000, 0x25343238, 0x25360000)
  to   space 1664K,   0% used [0x25020000, 0x25020000, 0x251c0000)
 tenured generation   total 34164K, used 20497K [0x297f0000, 0x2b94d000, 0x342a0000)
   the space 34164K,  59% used [0x297f0000, 0x2abf4498, 0x2abf4600, 0x2b94d000)
 compacting perm gen  total 12288K, used 6488K [0x342a0000, 0x34ea0000, 0x382a0000)
   the space 12288K,  52% used [0x342a0000, 0x348f62b0, 0x348f6400, 0x34ea0000)
    ro space 10240K,  42% used [0x382a0000, 0x386e4240, 0x386e4400, 0x38ca0000)
    rw space 12288K,  54% used [0x38ca0000, 0x39324d58, 0x39324e00, 0x398a0000)
}

