# JRE version: 7.0_25-b17
# Java VM: Java HotSpot(TM) Client VM (23.25-b01 mixed mode, sharing windows-x86 )
Heap
 def new generation   total 16512K, used 8747K [0x242a0000, 0x25480000, 0x297f0000)
  eden space 14720K,  55% used [0x242a0000, 0x24a92d68, 0x25100000)
  from space 1792K,  33% used [0x252c0000, 0x253580e0, 0x25480000)
  to   space 1792K,   0% used [0x25100000, 0x25100000, 0x252c0000)
 tenured generation   total 36540K, used 21922K [0x297f0000, 0x2bb9f000, 0x342a0000)
   the space 36540K,  59% used [0x297f0000, 0x2ad58bb8, 0x2ad58c00, 0x2bb9f000)
 compacting perm gen  total 12288K, used 6488K [0x342a0000, 0x34ea0000, 0x382a0000)
   the space 12288K,  52% used [0x342a0000, 0x348f62e0, 0x348f6400, 0x34ea0000)
    ro space 10240K,  42% used [0x382a0000, 0x386e4240, 0x386e4400, 0x38ca0000)
    rw space 12288K,  54% used [0x38ca0000, 0x39324d58, 0x39324e00, 0x398a0000)
GC Heap History (10 events):
Event: 1.326 GC heap before
{Heap before GC invocations=8 (full 0):
 def new generation   total 4928K, used 2996K [0x242a0000, 0x247f0000, 0x297f0000)
  eden space 4416K,  67% used [0x242a0000, 0x2458a4e0, 0x246f0000)
  from space 512K,   2% used [0x246f0000, 0x246f2d88, 0x24770000)
  to   space 512K,   0% used [0x24770000, 0x24770000, 0x247f0000)
 tenured generation   total 10944K, used 5593K [0x297f0000, 0x2a2a0000, 0x342a0000)
   the space 10944K,  51% used [0x297f0000, 0x29d66790, 0x29d66800, 0x2a2a0000)
 compacting perm gen  total 12288K, used 6337K [0x342a0000, 0x34ea0000, 0x382a0000)
   the space 12288K,  51% used [0x342a0000, 0x348d0590, 0x348d0600, 0x34ea0000)
    ro space 10240K,  42% used [0x382a0000, 0x386e4240, 0x386e4400, 0x38ca0000)
    rw space 12288K,  54% used [0x38ca0000, 0x39324d58, 0x39324e00, 0x398a0000)
Event: 1.347 GC heap after
Heap after GC invocations=9 (full 1):
 def new generation   total 4992K, used 0K [0x242a0000, 0x24800000, 0x297f0000)
  eden space 4480K,   0% used [0x242a0000, 0x242a0000, 0x24700000)
  from space 512K,   0% used [0x24700000, 0x24700000, 0x24780000)
  to   space 512K,   0% used [0x24780000, 0x24780000, 0x24800000)
 tenured generation   total 10944K, used 5768K [0x297f0000, 0x2a2a0000, 0x342a0000)
   the space 10944K,  52% used [0x297f0000, 0x29d922f8, 0x29d92400, 0x2a2a0000)
 compacting perm gen  total 12288K, used 6337K [0x342a0000, 0x34ea0000, 0x382a0000)
   the space 12288K,  51% used [0x342a0000, 0x348d0590, 0x348d0600, 0x34ea0000)
    ro space 10240K,  42% used [0x382a0000, 0x386e4240, 0x386e4400, 0x38ca0000)
    rw space 12288K,  54% used [0x38ca0000, 0x39324d58, 0x39324e00, 0x398a0000)
}
Event: 1.352 GC heap before
{Heap before GC invocations=9 (full 1):
 def new generation   total 4992K, used 13K [0x242a0000, 0x24800000, 0x297f0000)
  eden space 4480K,   0% used [0x242a0000, 0x242a35e8, 0x24700000)
  from space 512K,   0% used [0x24700000, 0x24700000, 0x24780000)
  to   space 512K,   0% used [0x24780000, 0x24780000, 0x24800000)
 tenured generation   total 19048K, used 13868K [0x297f0000, 0x2aa8a000, 0x342a0000)
   the space 19048K,  72% used [0x297f0000, 0x2a57b308, 0x2a57b400, 0x2aa8a000)
 compacting perm gen  total 12288K, used 6337K [0x342a0000, 0x34ea0000, 0x382a0000)
   the space 12288K,  51% used [0x342a0000, 0x348d05c0, 0x348d0600, 0x34ea0000)
    ro space 10240K,  42% used [0x382a0000, 0x386e4240, 0x386e4400, 0x38ca0000)
    rw space 12288K,  54% used [0x38ca0000, 0x39324d58, 0x39324e00, 0x398a0000)
Event: 1.374 GC heap after
Heap after GC invocations=10 (full 2):
 def new generation   total 10432K, used 0K [0x242a0000, 0x24df0000, 0x297f0000)
  eden space 9280K,   0% used [0x242a0000, 0x242a0000, 0x24bb0000)
  from space 1152K,   0% used [0x24bb0000, 0x24bb0000, 0x24cd0000)
  to   space 1152K,   0% used [0x24cd0000, 0x24cd0000, 0x24df0000)
 tenured generation   total 23036K, used 13821K [0x297f0000, 0x2ae6f000, 0x342a0000)
   the space 23036K,  59% used [0x297f0000, 0x2a56f520, 0x2a56f600, 0x2ae6f000)
 compacting perm gen  total 12288K, used 6337K [0x342a0000, 0x34ea0000, 0x382a0000)
   the space 12288K,  51% used [0x342a0000, 0x348d05c0, 0x348d0600, 0x34ea0000)
    ro space 10240K,  42% used [0x382a0000, 0x386e4240, 0x386e4400, 0x38ca0000)
    rw space 12288K,  54% used [0x38ca0000, 0x39324d58, 0x39324e00, 0x398a0000)
}
Event: 1.465 GC heap before
{Heap before GC invocations=10 (full 2):
 def new generation   total 10432K, used 8219K [0x242a0000, 0x24df0000, 0x297f0000)
  eden space 9280K,  88% used [0x242a0000, 0x24aa6cc8, 0x24bb0000)
  from space 1152K,   0% used [0x24bb0000, 0x24bb0000, 0x24cd0000)
  to   space 1152K,   0% used [0x24cd0000, 0x24cd0000, 0x24df0000)
 tenured generation   total 23036K, used 13821K [0x297f0000, 0x2ae6f000, 0x342a0000)
   the space 23036K,  59% used [0x297f0000, 0x2a56f520, 0x2a56f600, 0x2ae6f000)
 compacting perm gen  total 12288K, used 6337K [0x342a0000, 0x34ea0000, 0x382a0000)
   the space 12288K,  51% used [0x342a0000, 0x348d05d0, 0x348d0600, 0x34ea0000)
    ro space 10240K,  42% used [0x382a0000, 0x386e4240, 0x386e4400, 0x38ca0000)
    rw space 12288K,  54% used [0x38ca0000, 0x39324d58, 0x39324e00, 0x398a0000)
Event: 1.469 GC heap after
Heap after GC invocations=11 (full 2):
 def new generation   total 10432K, used 1K [0x242a0000, 0x24df0000, 0x297f0000)
  eden space 9280K,   0% used [0x242a0000, 0x242a0000, 0x24bb0000)
  from space 1152K,   0% used [0x24cd0000, 0x24cd0438, 0x24df0000)
  to   space 1152K,   0% used [0x24bb0000, 0x24bb0000, 0x24cd0000)
 tenured generation   total 23036K, used 21921K [0x297f0000, 0x2ae6f000, 0x342a0000)
   the space 23036K,  95% used [0x297f0000, 0x2ad58530, 0x2ad58600, 0x2ae6f000)
 compacting perm gen  total 12288K, used 6337K [0x342a0000, 0x34ea0000, 0x382a0000)
   the space 12288K,  51% used [0x342a0000, 0x348d05d0, 0x348d0600, 0x34ea0000)
    ro space 10240K,  42% used [0x382a0000, 0x386e4240, 0x386e4400, 0x38ca0000)
    rw space 12288K,  54% used [0x38ca0000, 0x39324d58, 0x39324e00, 0x398a0000)
}
Event: 1.473 GC heap before
{Heap before GC invocations=11 (full 2):
 def new generation   total 10432K, used 9067K [0x242a0000, 0x24df0000, 0x297f0000)
  eden space 9280K,  97% used [0x242a0000, 0x24b7ab90, 0x24bb0000)
  from space 1152K,   0% used [0x24cd0000, 0x24cd0438, 0x24df0000)
  to   space 1152K,   0% used [0x24bb0000, 0x24bb0000, 0x24cd0000)
 tenured generation   total 23036K, used 21921K [0x297f0000, 0x2ae6f000, 0x342a0000)
   the space 23036K,  95% used [0x297f0000, 0x2ad58530, 0x2ad58600, 0x2ae6f000)
 compacting perm gen  total 12288K, used 6337K [0x342a0000, 0x34ea0000, 0x382a0000)
   the space 12288K,  51% used [0x342a0000, 0x348d05e0, 0x348d0600, 0x34ea0000)
    ro space 10240K,  42% used [0x382a0000, 0x386e4240, 0x386e4400, 0x38ca0000)
    rw space 12288K,  54% used [0x38ca0000, 0x39324d58, 0x39324e00, 0x398a0000)
Event: 1.502 GC heap after
Heap after GC invocations=12 (full 3):
 def new generation   total 16512K, used 0K [0x242a0000, 0x25480000, 0x297f0000)
  eden space 14720K,   0% used [0x242a0000, 0x242a0000, 0x25100000)
  from space 1792K,   0% used [0x25100000, 0x25100000, 0x252c0000)
  to   space 1792K,   0% used [0x252c0000, 0x252c0000, 0x25480000)
 tenured generation   total 36540K, used 21922K [0x297f0000, 0x2bb9f000, 0x342a0000)
   the space 36540K,  59% used [0x297f0000, 0x2ad58bb8, 0x2ad58c00, 0x2bb9f000)
 compacting perm gen  total 12288K, used 6337K [0x342a0000, 0x34ea0000, 0x382a0000)
   the space 12288K,  51% used [0x342a0000, 0x348d05e0, 0x348d0600, 0x34ea0000)
    ro space 10240K,  42% used [0x382a0000, 0x386e4240, 0x386e4400, 0x38ca0000)
    rw space 12288K,  54% used [0x38ca0000, 0x39324d58, 0x39324e00, 0x398a0000)
}
Event: 1.814 GC heap before
{Heap before GC invocations=12 (full 3):
 def new generation   total 16512K, used 11601K [0x242a0000, 0x25480000, 0x297f0000)
  eden space 14720K,  78% used [0x242a0000, 0x24df4740, 0x25100000)
  from space 1792K,   0% used [0x25100000, 0x25100000, 0x252c0000)
  to   space 1792K,   0% used [0x252c0000, 0x252c0000, 0x25480000)
 tenured generation   total 36540K, used 21922K [0x297f0000, 0x2bb9f000, 0x342a0000)
   the space 36540K,  59% used [0x297f0000, 0x2ad58bb8, 0x2ad58c00, 0x2bb9f000)
 compacting perm gen  total 12288K, used 6488K [0x342a0000, 0x34ea0000, 0x382a0000)
   the space 12288K,  52% used [0x342a0000, 0x348f62e0, 0x348f6400, 0x34ea0000)
    ro space 10240K,  42% used [0x382a0000, 0x386e4240, 0x386e4400, 0x38ca0000)
    rw space 12288K,  54% used [0x38ca0000, 0x39324d58, 0x39324e00, 0x398a0000)
Event: 1.815 GC heap after
Heap after GC invocations=13 (full 3):
 def new generation   total 16512K, used 608K [0x242a0000, 0x25480000, 0x297f0000)
  eden space 14720K,   0% used [0x242a0000, 0x242a0000, 0x25100000)
  from space 1792K,  33% used [0x252c0000, 0x253580e0, 0x25480000)
  to   space 1792K,   0% used [0x25100000, 0x25100000, 0x252c0000)
 tenured generation   total 36540K, used 21922K [0x297f0000, 0x2bb9f000, 0x342a0000)
   the space 36540K,  59% used [0x297f0000, 0x2ad58bb8, 0x2ad58c00, 0x2bb9f000)
 compacting perm gen  total 12288K, used 6488K [0x342a0000, 0x34ea0000, 0x382a0000)
   the space 12288K,  52% used [0x342a0000, 0x348f62e0, 0x348f6400, 0x34ea0000)
    ro space 10240K,  42% used [0x382a0000, 0x386e4240, 0x386e4400, 0x38ca0000)
    rw space 12288K,  54% used [0x38ca0000, 0x39324d58, 0x39324e00, 0x398a0000)
}

