# JRE version: 7.0_25-b17
# Java VM: Java HotSpot(TM) Client VM (23.25-b01 mixed mode, sharing windows-x86 )
Heap
 def new generation   total 16512K, used 8811K [0x242a0000, 0x25480000, 0x297f0000)
  eden space 14720K,  55% used [0x242a0000, 0x24aa2dc0, 0x25100000)
  from space 1792K,  33% used [0x252c0000, 0x25358018, 0x25480000)
  to   space 1792K,   0% used [0x25100000, 0x25100000, 0x252c0000)
 tenured generation   total 36516K, used 21909K [0x297f0000, 0x2bb99000, 0x342a0000)
   the space 36516K,  59% used [0x297f0000, 0x2ad555a0, 0x2ad55600, 0x2bb99000)
 compacting perm gen  total 12288K, used 6488K [0x342a0000, 0x34ea0000, 0x382a0000)
   the space 12288K,  52% used [0x342a0000, 0x348f6210, 0x348f6400, 0x34ea0000)
    ro space 10240K,  42% used [0x382a0000, 0x386e4240, 0x386e4400, 0x38ca0000)
    rw space 12288K,  54% used [0x38ca0000, 0x39324d58, 0x39324e00, 0x398a0000)
GC Heap History (10 events):
Event: 1.442 GC heap before
{Heap before GC invocations=8 (full 0):
 def new generation   total 4928K, used 2996K [0x242a0000, 0x247f0000, 0x297f0000)
  eden space 4416K,  67% used [0x242a0000, 0x2458a470, 0x246f0000)
  from space 512K,   2% used [0x246f0000, 0x246f2d88, 0x24770000)
  to   space 512K,   0% used [0x24770000, 0x24770000, 0x247f0000)
 tenured generation   total 10944K, used 5527K [0x297f0000, 0x2a2a0000, 0x342a0000)
   the space 10944K,  50% used [0x297f0000, 0x29d55e28, 0x29d56000, 0x2a2a0000)
 compacting perm gen  total 12288K, used 6337K [0x342a0000, 0x34ea0000, 0x382a0000)
   the space 12288K,  51% used [0x342a0000, 0x348d0540, 0x348d0600, 0x34ea0000)
    ro space 10240K,  42% used [0x382a0000, 0x386e4240, 0x386e4400, 0x38ca0000)
    rw space 12288K,  54% used [0x38ca0000, 0x39324d58, 0x39324e00, 0x398a0000)
Event: 1.464 GC heap after
Heap after GC invocations=9 (full 1):
 def new generation   total 4992K, used 0K [0x242a0000, 0x24800000, 0x297f0000)
  eden space 4480K,   0% used [0x242a0000, 0x242a0000, 0x24700000)
  from space 512K,   0% used [0x24700000, 0x24700000, 0x24780000)
  to   space 512K,   0% used [0x24780000, 0x24780000, 0x24800000)
 tenured generation   total 10944K, used 5758K [0x297f0000, 0x2a2a0000, 0x342a0000)
   the space 10944K,  52% used [0x297f0000, 0x29d8f8b8, 0x29d8fa00, 0x2a2a0000)
 compacting perm gen  total 12288K, used 6337K [0x342a0000, 0x34ea0000, 0x382a0000)
   the space 12288K,  51% used [0x342a0000, 0x348d0540, 0x348d0600, 0x34ea0000)
    ro space 10240K,  42% used [0x382a0000, 0x386e4240, 0x386e4400, 0x38ca0000)
    rw space 12288K,  54% used [0x38ca0000, 0x39324d58, 0x39324e00, 0x398a0000)
}
Event: 1.469 GC heap before
{Heap before GC invocations=9 (full 1):
 def new generation   total 4992K, used 13K [0x242a0000, 0x24800000, 0x297f0000)
  eden space 4480K,   0% used [0x242a0000, 0x242a35e8, 0x24700000)
  from space 512K,   0% used [0x24700000, 0x24700000, 0x24780000)
  to   space 512K,   0% used [0x24780000, 0x24780000, 0x24800000)
 tenured generation   total 19048K, used 13858K [0x297f0000, 0x2aa8a000, 0x342a0000)
   the space 19048K,  72% used [0x297f0000, 0x2a5788c8, 0x2a578a00, 0x2aa8a000)
 compacting perm gen  total 12288K, used 6337K [0x342a0000, 0x34ea0000, 0x382a0000)
   the space 12288K,  51% used [0x342a0000, 0x348d0570, 0x348d0600, 0x34ea0000)
    ro space 10240K,  42% used [0x382a0000, 0x386e4240, 0x386e4400, 0x38ca0000)
    rw space 12288K,  54% used [0x38ca0000, 0x39324d58, 0x39324e00, 0x398a0000)
Event: 1.490 GC heap after
Heap after GC invocations=10 (full 2):
 def new generation   total 10432K, used 0K [0x242a0000, 0x24df0000, 0x297f0000)
  eden space 9280K,   0% used [0x242a0000, 0x242a0000, 0x24bb0000)
  from space 1152K,   0% used [0x24bb0000, 0x24bb0000, 0x24cd0000)
  to   space 1152K,   0% used [0x24cd0000, 0x24cd0000, 0x24df0000)
 tenured generation   total 23016K, used 13807K [0x297f0000, 0x2ae6a000, 0x342a0000)
   the space 23016K,  59% used [0x297f0000, 0x2a56bdd8, 0x2a56be00, 0x2ae6a000)
 compacting perm gen  total 12288K, used 6337K [0x342a0000, 0x34ea0000, 0x382a0000)
   the space 12288K,  51% used [0x342a0000, 0x348d0570, 0x348d0600, 0x34ea0000)
    ro space 10240K,  42% used [0x382a0000, 0x386e4240, 0x386e4400, 0x38ca0000)
    rw space 12288K,  54% used [0x38ca0000, 0x39324d58, 0x39324e00, 0x398a0000)
}
Event: 1.584 GC heap before
{Heap before GC invocations=10 (full 2):
 def new generation   total 10432K, used 8226K [0x242a0000, 0x24df0000, 0x297f0000)
  eden space 9280K,  88% used [0x242a0000, 0x24aa8bb8, 0x24bb0000)
  from space 1152K,   0% used [0x24bb0000, 0x24bb0000, 0x24cd0000)
  to   space 1152K,   0% used [0x24cd0000, 0x24cd0000, 0x24df0000)
 tenured generation   total 23016K, used 13807K [0x297f0000, 0x2ae6a000, 0x342a0000)
   the space 23016K,  59% used [0x297f0000, 0x2a56bdd8, 0x2a56be00, 0x2ae6a000)
 compacting perm gen  total 12288K, used 6337K [0x342a0000, 0x34ea0000, 0x382a0000)
   the space 12288K,  51% used [0x342a0000, 0x348d0590, 0x348d0600, 0x34ea0000)
    ro space 10240K,  42% used [0x382a0000, 0x386e4240, 0x386e4400, 0x38ca0000)
    rw space 12288K,  54% used [0x38ca0000, 0x39324d58, 0x39324e00, 0x398a0000)
Event: 1.592 GC heap after
Heap after GC invocations=11 (full 2):
 def new generation   total 10432K, used 1K [0x242a0000, 0x24df0000, 0x297f0000)
  eden space 9280K,   0% used [0x242a0000, 0x242a0000, 0x24bb0000)
  from space 1152K,   0% used [0x24cd0000, 0x24cd0568, 0x24df0000)
  to   space 1152K,   0% used [0x24bb0000, 0x24bb0000, 0x24cd0000)
 tenured generation   total 23016K, used 21907K [0x297f0000, 0x2ae6a000, 0x342a0000)
   the space 23016K,  95% used [0x297f0000, 0x2ad54de8, 0x2ad54e00, 0x2ae6a000)
 compacting perm gen  total 12288K, used 6337K [0x342a0000, 0x34ea0000, 0x382a0000)
   the space 12288K,  51% used [0x342a0000, 0x348d0590, 0x348d0600, 0x34ea0000)
    ro space 10240K,  42% used [0x382a0000, 0x386e4240, 0x386e4400, 0x38ca0000)
    rw space 12288K,  54% used [0x38ca0000, 0x39324d58, 0x39324e00, 0x398a0000)
}
Event: 1.597 GC heap before
{Heap before GC invocations=11 (full 2):
 def new generation   total 10432K, used 9073K [0x242a0000, 0x24df0000, 0x297f0000)
  eden space 9280K,  97% used [0x242a0000, 0x24b7bfb8, 0x24bb0000)
  from space 1152K,   0% used [0x24cd0000, 0x24cd0568, 0x24df0000)
  to   space 1152K,   0% used [0x24bb0000, 0x24bb0000, 0x24cd0000)
 tenured generation   total 23016K, used 21907K [0x297f0000, 0x2ae6a000, 0x342a0000)
   the space 23016K,  95% used [0x297f0000, 0x2ad54de8, 0x2ad54e00, 0x2ae6a000)
 compacting perm gen  total 12288K, used 6337K [0x342a0000, 0x34ea0000, 0x382a0000)
   the space 12288K,  51% used [0x342a0000, 0x348d0590, 0x348d0600, 0x34ea0000)
    ro space 10240K,  42% used [0x382a0000, 0x386e4240, 0x386e4400, 0x38ca0000)
    rw space 12288K,  54% used [0x38ca0000, 0x39324d58, 0x39324e00, 0x398a0000)
Event: 1.630 GC heap after
Heap after GC invocations=12 (full 3):
 def new generation   total 16512K, used 0K [0x242a0000, 0x25480000, 0x297f0000)
  eden space 14720K,   0% used [0x242a0000, 0x242a0000, 0x25100000)
  from space 1792K,   0% used [0x25100000, 0x25100000, 0x252c0000)
  to   space 1792K,   0% used [0x252c0000, 0x252c0000, 0x25480000)
 tenured generation   total 36516K, used 21909K [0x297f0000, 0x2bb99000, 0x342a0000)
   the space 36516K,  59% used [0x297f0000, 0x2ad555a0, 0x2ad55600, 0x2bb99000)
 compacting perm gen  total 12288K, used 6337K [0x342a0000, 0x34ea0000, 0x382a0000)
   the space 12288K,  51% used [0x342a0000, 0x348d0590, 0x348d0600, 0x34ea0000)
    ro space 10240K,  42% used [0x382a0000, 0x386e4240, 0x386e4400, 0x38ca0000)
    rw space 12288K,  54% used [0x38ca0000, 0x39324d58, 0x39324e00, 0x398a0000)
}
Event: 1.978 GC heap before
{Heap before GC invocations=12 (full 3):
 def new generation   total 16512K, used 11644K [0x242a0000, 0x25480000, 0x297f0000)
  eden space 14720K,  79% used [0x242a0000, 0x24dff228, 0x25100000)
  from space 1792K,   0% used [0x25100000, 0x25100000, 0x252c0000)
  to   space 1792K,   0% used [0x252c0000, 0x252c0000, 0x25480000)
 tenured generation   total 36516K, used 21909K [0x297f0000, 0x2bb99000, 0x342a0000)
   the space 36516K,  59% used [0x297f0000, 0x2ad555a0, 0x2ad55600, 0x2bb99000)
 compacting perm gen  total 12288K, used 6488K [0x342a0000, 0x34ea0000, 0x382a0000)
   the space 12288K,  52% used [0x342a0000, 0x348f6210, 0x348f6400, 0x34ea0000)
    ro space 10240K,  42% used [0x382a0000, 0x386e4240, 0x386e4400, 0x38ca0000)
    rw space 12288K,  54% used [0x38ca0000, 0x39324d58, 0x39324e00, 0x398a0000)
Event: 1.980 GC heap after
Heap after GC invocations=13 (full 3):
 def new generation   total 16512K, used 608K [0x242a0000, 0x25480000, 0x297f0000)
  eden space 14720K,   0% used [0x242a0000, 0x242a0000, 0x25100000)
  from space 1792K,  33% used [0x252c0000, 0x25358018, 0x25480000)
  to   space 1792K,   0% used [0x25100000, 0x25100000, 0x252c0000)
 tenured generation   total 36516K, used 21909K [0x297f0000, 0x2bb99000, 0x342a0000)
   the space 36516K,  59% used [0x297f0000, 0x2ad555a0, 0x2ad55600, 0x2bb99000)
 compacting perm gen  total 12288K, used 6488K [0x342a0000, 0x34ea0000, 0x382a0000)
   the space 12288K,  52% used [0x342a0000, 0x348f6210, 0x348f6400, 0x34ea0000)
    ro space 10240K,  42% used [0x382a0000, 0x386e4240, 0x386e4400, 0x38ca0000)
    rw space 12288K,  54% used [0x38ca0000, 0x39324d58, 0x39324e00, 0x398a0000)
}

